<?xml version="1.0" encoding="UTF-8"?>
<testsuite xmlns:xsi="http://www.w3.org/2001/XMLSchema-instance" xsi:noNamespaceSchemaLocation="https://maven.apache.org/surefire/maven-surefire-plugin/xsd/surefire-test-report.xsd" name="Login Functionality with Cucumber" time="77.479" tests="18" errors="0" skipped="0" failures="3">
  <properties>
[...]
</properties>
  <testcase name="1-login with valid credantials information" classname="Login Functionality with Cucumber" time="5.876">
    <failure message="verify page subtitle  expected:&lt;[Quick Launchpad]&gt; but was:&lt;[]&gt;" type="org.junit.ComparisonFailure"><![CDATA[org.junit.ComparisonFailure: verify page subtitle  expected:<[Quick Launchpad]> but was:<[]>
]]></failure>
    <system-out><![CDATA[Nov 22, 2021 6:04:38 PM io.cucumber.junit.Cucumber <init>
WARNING: By default Cucumber is running in --non-strict mode.
This default will change to --strict and --non-strict will be removed.
You can use --strict or @CucumberOptions(strict = true) to suppress this warning

&amp#27;[31mFailed scenarios:&amp#27;[0m
&amp#27;[31mfile:///Users/sunum/IdeaProjects/Horizon/src/test/resources/Features/Login.feature:13&amp#27;[0m# 1-login with valid credantials information
&amp#27;[31mfile:///Users/sunum/IdeaProjects/Horizon/src/test/resources/Features/Login.feature:15&amp#27;[0m# 1-login with valid credantials information
&amp#27;[31mfile:///Users/sunum/IdeaProjects/Horizon/src/test/resources/Features/Login.feature:37&amp#27;[0m# 3- All users can see their own usernames in profile menu

18 Scenarios (&amp#27;[31m3 failed&amp#27;[0m, &amp#27;[32m15 passed&amp#27;[0m)
62 Steps (&amp#27;[31m3 failed&amp#27;[0m, &amp#27;[32m59 passed&amp#27;[0m)
1m17.481s


org.junit.ComparisonFailure: verify page subtitle  expected:<[Quick Launchpad]> but was:<[]>
	at org.junit.Assert.assertEquals(Assert.java:117)
	at com.intebella.step_def.Loginstep.verify_the_page(Loginstep.java:39)
	at ✽.verify the page "Quick Launchpad"(file:///Users/sunum/IdeaProjects/Horizon/src/test/resources/Features/Login.feature:8)

org.junit.ComparisonFailure: verify page subtitle  expected:<[Dashboard]> but was:<[]>
	at org.junit.Assert.assertEquals(Assert.java:117)
	at com.intebella.step_def.Loginstep.verify_the_page(Loginstep.java:39)
	at ✽.verify the page "Dashboard"(file:///Users/sunum/IdeaProjects/Horizon/src/test/resources/Features/Login.feature:8)

org.junit.ComparisonFailure: expected:<[John Doe]> but was:<[]>
	at org.junit.Assert.assertEquals(Assert.java:117)
	at org.junit.Assert.assertEquals(Assert.java:146)
	at com.intebella.step_def.Loginstep.verify_the_username(Loginstep.java:44)
	at ✽.verify the username "John Doe"(file:///Users/sunum/IdeaProjects/Horizon/src/test/resources/Features/Login.feature:33)


	this is coming from BEFORE
]]></system-out>
    <system-err><![CDATA[SLF4J: Failed to load class "org.slf4j.impl.StaticLoggerBinder".
SLF4J: Defaulting to no-operation (NOP) logger implementation
SLF4J: See http://www.slf4j.org/codes.html#StaticLoggerBinder for further details.
Starting ChromeDriver 95.0.4638.69 (6a1600ed572fedecd573b6c2b90a22fe6392a410-refs/branch-heads/4638@{#984}) on port 38102
Only local connections are allowed.
Please see https://chromedriver.chromium.org/security-considerations for suggestions on keeping ChromeDriver safe.
ChromeDriver was started successfully.
Nov 22, 2021 6:04:40 PM org.openqa.selenium.remote.ProtocolHandshake createSession
INFO: Detected dialect: W3C
]]></system-err>
  </testcase>
  <testcase name="1-login with valid credantials information" classname="Login Functionality with Cucumber" time="5.037"/>
  <testcase name="1-login with valid credantials information" classname="Login Functionality with Cucumber" time="5.001">
    <failure message="verify page subtitle  expected:&lt;[Dashboard]&gt; but was:&lt;[]&gt;" type="org.junit.ComparisonFailure"><![CDATA[org.junit.ComparisonFailure: verify page subtitle  expected:<[Dashboard]> but was:<[]>
]]></failure>
    <system-out><![CDATA[	this is coming from BEFORE
]]></system-out>
    <system-err><![CDATA[Starting ChromeDriver 95.0.4638.69 (6a1600ed572fedecd573b6c2b90a22fe6392a410-refs/branch-heads/4638@{#984}) on port 45125
Only local connections are allowed.
Please see https://chromedriver.chromium.org/security-considerations for suggestions on keeping ChromeDriver safe.
ChromeDriver was started successfully.
Nov 22, 2021 6:04:51 PM org.openqa.selenium.remote.ProtocolHandshake createSession
INFO: Detected dialect: W3C
]]></system-err>
  </testcase>
  <testcase name="2-The user try to login with invalid credantials information" classname="Login Functionality with Cucumber" time="3.412"/>
  <testcase name="2-The user try to login with invalid credantials information" classname="Login Functionality with Cucumber" time="3.701"/>
  <testcase name="2-The user try to login with invalid credantials information" classname="Login Functionality with Cucumber" time="4.497"/>
  <testcase name="3- All users can see their own usernames in profile menu" classname="Login Functionality with Cucumber" time="5.93"/>
  <testcase name="3- All users can see their own usernames in profile menu" classname="Login Functionality with Cucumber" time="4.238">
    <failure message="expected:&lt;[John Doe]&gt; but was:&lt;[]&gt;" type="org.junit.ComparisonFailure"><![CDATA[org.junit.ComparisonFailure: expected:<[John Doe]> but was:<[]>
]]></failure>
    <system-out><![CDATA[	this is coming from BEFORE
]]></system-out>
    <system-err><![CDATA[Starting ChromeDriver 95.0.4638.69 (6a1600ed572fedecd573b6c2b90a22fe6392a410-refs/branch-heads/4638@{#984}) on port 9810
Only local connections are allowed.
Please see https://chromedriver.chromium.org/security-considerations for suggestions on keeping ChromeDriver safe.
ChromeDriver was started successfully.
Nov 22, 2021 6:05:13 PM org.openqa.selenium.remote.ProtocolHandshake createSession
INFO: Detected dialect: W3C
]]></system-err>
  </testcase>
  <testcase name="3- All users can see their own usernames in profile menu" classname="Login Functionality with Cucumber" time="5.244"/>
  <testcase name="4- &quot;Invalid username or password.&quot; error message should be displayed for invalid credentials" classname="Login Functionality with Cucumber" time="4.13"/>
  <testcase name="4- &quot;Invalid username or password.&quot; error message should be displayed for invalid credentials" classname="Login Functionality with Cucumber" time="3.552"/>
  <testcase name="4- &quot;Invalid username or password.&quot; error message should be displayed for invalid credentials" classname="Login Functionality with Cucumber" time="3.33"/>
  <testcase name="5- User should see the password in bullet signs by default" classname="Login Functionality with Cucumber" time="3.059"/>
  <testcase name="5- User should see the password in bullet signs by default" classname="Login Functionality with Cucumber" time="2.946"/>
  <testcase name="5- User should see the password in bullet signs by default" classname="Login Functionality with Cucumber" time="3.415"/>
  <testcase name="6-User land on the ‘Forgot Password’ page after clicking on the &quot;Forgot your password?&quot; link" classname="Login Functionality with Cucumber" time="3.022"/>
  <testcase name="7- User can see &quot;Remember me on this computer&quot; link on the login page and it should be clickable" classname="Login Functionality with Cucumber" time="6.74"/>
  <testcase name="8- Verify that user can use &quot;Enter&quot; key from their keyboard on the login page" classname="Login Functionality with Cucumber" time="4.344"/>
</testsuite>